 WARN [2018-01-17 18:27:41,335] (ProjectAddEvaluator.java:visit:86) - Unable to add skip builder flag to added project 'P/sf_dev': Project 'sf_dev' is not open. Cause:
 (1) Project 'sf_dev' is not open.
 WARN [2018-01-17 18:27:41,355] (ProjectAddEvaluator.java:visit:101) - Unable to add skip builder flag to added project 'P/sf_dev': Project 'sf_dev' is not open. Cause:
 (1) Project 'sf_dev' is not open.
 WARN [2018-01-17 18:27:41,554] (ProjectAddEvaluator.java:visit:86) - Unable to add skip builder flag to added project 'P/VishalHack': Project 'VishalHack' is not open. Cause:
 (1) Project 'VishalHack' is not open.
 WARN [2018-01-17 18:27:41,554] (ProjectAddEvaluator.java:visit:101) - Unable to add skip builder flag to added project 'P/VishalHack': Project 'VishalHack' is not open. Cause:
 (1) Project 'VishalHack' is not open.
 WARN [2018-01-17 18:27:49,056] (BaseBuilder.java:checkSkipBuilder:86) - Skipping build - user credentials not found
 WARN [2018-01-17 18:32:15,222] (ConnectionFactory.java:clearCache:217) - No cached connections
 WARN [2018-01-17 18:32:15,223] (DescribeObjectRegistry.java:clearCache:660) - No cached describes
 WARN [2018-01-17 18:32:15,223] (MetadataFactory.java:clearCache:125) - No cached metadata stubs
 WARN [2018-01-18 19:18:48,669] (ConnectionFactory.java:clearCache:217) - No cached connections
 WARN [2018-01-18 19:18:48,702] (DescribeObjectRegistry.java:clearCache:660) - No cached describes
 WARN [2018-01-18 19:18:48,703] (MetadataFactory.java:clearCache:125) - No cached metadata stubs
 WARN [2018-01-22 17:50:03,713] (BaseBuilder.java:checkSkipBuilder:86) - Skipping build - user credentials not found
 WARN [2018-01-23 14:25:29,975] (BaseBuilder.java:checkSkipBuilder:86) - Skipping build - user credentials not found
 WARN [2018-01-23 14:39:44,716] (BuilderPayload.java:filterComponentsInConflict:256) - Remote retrieve result count [8] does not equal request count [1].
 WARN [2018-01-23 14:39:44,731] (ProjectPackageList.java:getComponentByFilePath:662) - Did not find component for 'aura/COM_ArticleDetailImage_LCMP'
 WARN [2018-01-23 14:39:44,733] (BuilderPayload.java:conflictCheck:296) - AuraDefinitionBundle 'aura/COM_ArticleDetailImage_LCMP' [unpackaged] not found in remote project package list.  Assuming no conflict.
 WARN [2018-01-23 14:40:07,722] (ProjectPackageList.java:getAllComponentResources:938) - File resource not found for component AuraDefinitionBundle 'aura/COM_ArticleDetailImage_LCMP' [unpackaged]
 WARN [2018-01-23 14:40:07,731] (MarkerUtils.java:clearDirty:446) - Unable to clear dirty markers on resources - resources is null or empty
 WARN [2018-01-23 14:40:07,735] (ProjectPackageList.java:getAllComponentResources:938) - File resource not found for component AuraDefinitionBundle 'aura/COM_ArticleDetailImage_LCMP' [unpackaged]
 WARN [2018-01-23 14:40:07,736] (MarkerUtils.java:clearSaveMarkers:564) - Unable to clear save markers on resources - resources is null or empty 
 WARN [2018-01-23 14:40:07,766] (ProjectPackageList.java:getComponentByMetadataFilePath:737) - Did not find component for 'aura/COM_ArticleDetailImage_LCMP'
 WARN [2018-01-23 14:40:07,767] (ProjectService.java:handleRetrieveMessages:2220) - Unable to handle retrieve message - could not find component 'aura/COM_ArticleDetailImage_LCMP' for message 'In field: specific ids - no AuraDefinitionBundle named COM_ArticleDetailImage_LCMP. found'
 WARN [2018-01-23 14:44:41,333] (BuilderPayload.java:filterComponentsInConflict:256) - Remote retrieve result count [8] does not equal request count [1].
 WARN [2018-01-23 14:44:41,366] (ProjectPackageList.java:getComponentByFilePath:662) - Did not find component for 'aura/COM_ArticleDetailImage_LCMP'
 WARN [2018-01-23 14:44:41,368] (BuilderPayload.java:conflictCheck:296) - AuraDefinitionBundle 'aura/COM_ArticleDetailImage_LCMP' [unpackaged] not found in remote project package list.  Assuming no conflict.
 WARN [2018-01-23 14:44:53,760] (ProjectPackageList.java:getAllComponentResources:938) - File resource not found for component AuraDefinitionBundle 'aura/COM_ArticleDetailImage_LCMP' [unpackaged]
 WARN [2018-01-23 14:44:53,764] (MarkerUtils.java:clearDirty:446) - Unable to clear dirty markers on resources - resources is null or empty
 WARN [2018-01-23 14:44:53,768] (ProjectPackageList.java:getAllComponentResources:938) - File resource not found for component AuraDefinitionBundle 'aura/COM_ArticleDetailImage_LCMP' [unpackaged]
 WARN [2018-01-23 14:44:53,773] (MarkerUtils.java:clearSaveMarkers:564) - Unable to clear save markers on resources - resources is null or empty 
 WARN [2018-01-23 14:44:53,781] (ProjectPackageList.java:getComponentByMetadataFilePath:737) - Did not find component for 'aura/COM_ArticleDetailImage_LCMP'
 WARN [2018-01-23 14:44:53,784] (ProjectService.java:handleRetrieveMessages:2220) - Unable to handle retrieve message - could not find component 'aura/COM_ArticleDetailImage_LCMP' for message 'In field: specific ids - no AuraDefinitionBundle named COM_ArticleDetailImage_LCMP. found'
 WARN [2018-01-23 14:44:55,944] (BuilderPayload.java:filterComponentsInConflict:256) - Remote retrieve result count [8] does not equal request count [1].
 WARN [2018-01-23 14:44:55,959] (ProjectPackageList.java:getComponentByFilePath:662) - Did not find component for 'aura/COM_ArticleDetailImage_LCMP'
 WARN [2018-01-23 14:44:55,961] (BuilderPayload.java:conflictCheck:296) - AuraDefinitionBundle 'aura/COM_ArticleDetailImage_LCMP' [unpackaged] not found in remote project package list.  Assuming no conflict.
 WARN [2018-01-23 14:45:10,578] (ProjectPackageList.java:getAllComponentResources:938) - File resource not found for component AuraDefinitionBundle 'aura/COM_ArticleDetailImage_LCMP' [unpackaged]
 WARN [2018-01-23 14:45:10,581] (MarkerUtils.java:clearDirty:446) - Unable to clear dirty markers on resources - resources is null or empty
 WARN [2018-01-23 14:45:10,586] (ProjectPackageList.java:getAllComponentResources:938) - File resource not found for component AuraDefinitionBundle 'aura/COM_ArticleDetailImage_LCMP' [unpackaged]
 WARN [2018-01-23 14:45:10,589] (MarkerUtils.java:clearSaveMarkers:564) - Unable to clear save markers on resources - resources is null or empty 
 WARN [2018-01-23 14:45:10,597] (ProjectPackageList.java:getComponentByMetadataFilePath:737) - Did not find component for 'aura/COM_ArticleDetailImage_LCMP'
 WARN [2018-01-23 14:45:10,601] (ProjectService.java:handleRetrieveMessages:2220) - Unable to handle retrieve message - could not find component 'aura/COM_ArticleDetailImage_LCMP' for message 'In field: specific ids - no AuraDefinitionBundle named COM_ArticleDetailImage_LCMP. found'
 WARN [2018-01-23 14:45:12,747] (BuilderPayload.java:filterComponentsInConflict:256) - Remote retrieve result count [8] does not equal request count [1].
 WARN [2018-01-23 14:45:12,781] (ProjectPackageList.java:getComponentByFilePath:662) - Did not find component for 'aura/COM_ArticleDetailImage_LCMP'
 WARN [2018-01-23 14:45:12,783] (BuilderPayload.java:conflictCheck:296) - AuraDefinitionBundle 'aura/COM_ArticleDetailImage_LCMP' [unpackaged] not found in remote project package list.  Assuming no conflict.
 WARN [2018-01-23 14:45:24,152] (ProjectPackageList.java:getAllComponentResources:938) - File resource not found for component AuraDefinitionBundle 'aura/COM_ArticleDetailImage_LCMP' [unpackaged]
 WARN [2018-01-23 14:45:24,156] (MarkerUtils.java:clearDirty:446) - Unable to clear dirty markers on resources - resources is null or empty
 WARN [2018-01-23 14:45:24,159] (ProjectPackageList.java:getAllComponentResources:938) - File resource not found for component AuraDefinitionBundle 'aura/COM_ArticleDetailImage_LCMP' [unpackaged]
 WARN [2018-01-23 14:45:24,162] (MarkerUtils.java:clearSaveMarkers:564) - Unable to clear save markers on resources - resources is null or empty 
 WARN [2018-01-23 14:45:24,171] (ProjectPackageList.java:getComponentByMetadataFilePath:737) - Did not find component for 'aura/COM_ArticleDetailImage_LCMP'
 WARN [2018-01-23 14:45:24,173] (ProjectService.java:handleRetrieveMessages:2220) - Unable to handle retrieve message - could not find component 'aura/COM_ArticleDetailImage_LCMP' for message 'In field: specific ids - no AuraDefinitionBundle named COM_ArticleDetailImage_LCMP. found'
 WARN [2018-01-23 14:47:06,879] (BuilderPayload.java:filterComponentsInConflict:256) - Remote retrieve result count [8] does not equal request count [1].
 WARN [2018-01-23 14:47:06,891] (ProjectPackageList.java:getComponentByFilePath:662) - Did not find component for 'aura/COM_ArticleDetailImage_LCMP'
 WARN [2018-01-23 14:47:06,893] (BuilderPayload.java:conflictCheck:296) - AuraDefinitionBundle 'aura/COM_ArticleDetailImage_LCMP' [unpackaged] not found in remote project package list.  Assuming no conflict.
 WARN [2018-01-23 14:47:21,068] (ProjectPackageList.java:getAllComponentResources:938) - File resource not found for component AuraDefinitionBundle 'aura/COM_ArticleDetailImage_LCMP' [unpackaged]
 WARN [2018-01-23 14:47:21,071] (MarkerUtils.java:clearDirty:446) - Unable to clear dirty markers on resources - resources is null or empty
 WARN [2018-01-23 14:47:21,075] (ProjectPackageList.java:getAllComponentResources:938) - File resource not found for component AuraDefinitionBundle 'aura/COM_ArticleDetailImage_LCMP' [unpackaged]
 WARN [2018-01-23 14:47:21,078] (MarkerUtils.java:clearSaveMarkers:564) - Unable to clear save markers on resources - resources is null or empty 
 WARN [2018-01-23 14:47:21,085] (ProjectPackageList.java:getComponentByMetadataFilePath:737) - Did not find component for 'aura/COM_ArticleDetailImage_LCMP'
 WARN [2018-01-23 14:47:21,087] (ProjectService.java:handleRetrieveMessages:2220) - Unable to handle retrieve message - could not find component 'aura/COM_ArticleDetailImage_LCMP' for message 'In field: specific ids - no AuraDefinitionBundle named COM_ArticleDetailImage_LCMP. found'
 WARN [2018-01-23 14:47:24,898] (BuilderPayload.java:filterComponentsInConflict:256) - Remote retrieve result count [8] does not equal request count [1].
 WARN [2018-01-23 14:47:24,923] (ProjectPackageList.java:getComponentByFilePath:662) - Did not find component for 'aura/COM_ArticleDetailImage_LCMP'
 WARN [2018-01-23 14:47:24,925] (BuilderPayload.java:conflictCheck:296) - AuraDefinitionBundle 'aura/COM_ArticleDetailImage_LCMP' [unpackaged] not found in remote project package list.  Assuming no conflict.
 WARN [2018-01-23 14:47:36,404] (ProjectPackageList.java:getAllComponentResources:938) - File resource not found for component AuraDefinitionBundle 'aura/COM_ArticleDetailImage_LCMP' [unpackaged]
 WARN [2018-01-23 14:47:36,405] (MarkerUtils.java:clearDirty:446) - Unable to clear dirty markers on resources - resources is null or empty
 WARN [2018-01-23 14:47:36,419] (ProjectPackageList.java:getAllComponentResources:938) - File resource not found for component AuraDefinitionBundle 'aura/COM_ArticleDetailImage_LCMP' [unpackaged]
 WARN [2018-01-23 14:47:36,420] (MarkerUtils.java:clearSaveMarkers:564) - Unable to clear save markers on resources - resources is null or empty 
 WARN [2018-01-23 14:47:36,422] (ProjectPackageList.java:getComponentByMetadataFilePath:737) - Did not find component for 'aura/COM_ArticleDetailImage_LCMP'
 WARN [2018-01-23 14:47:36,424] (ProjectService.java:handleRetrieveMessages:2220) - Unable to handle retrieve message - could not find component 'aura/COM_ArticleDetailImage_LCMP' for message 'In field: specific ids - no AuraDefinitionBundle named COM_ArticleDetailImage_LCMP. found'
 WARN [2018-01-23 14:47:56,507] (BuilderPayload.java:filterComponentsInConflict:256) - Remote retrieve result count [1] does not equal request count [2].
 WARN [2018-01-23 14:47:56,515] (ProjectPackageList.java:getComponentByFilePath:662) - Did not find component for 'classes/COM_ArticleList_Controller.cls'
 WARN [2018-01-23 14:47:56,518] (BuilderPayload.java:conflictCheck:296) - ApexClass 'classes/COM_ArticleList_Controller.cls' [unpackaged] not found in remote project package list.  Assuming no conflict.
 WARN [2018-01-23 14:47:56,521] (ProjectPackageList.java:getComponentByFilePath:662) - Did not find component for 'classes/COM_ArticleList_Controller.cls-meta.xml'
 WARN [2018-01-23 14:47:56,524] (BuilderPayload.java:conflictCheck:296) - ApexClass 'classes/COM_ArticleList_Controller.cls-meta.xml' [unpackaged] not found in remote project package list.  Assuming no conflict.
 WARN [2018-01-23 14:48:03,462] (ProjectService.java:handleDeployResult:1942) - Save failed!
 WARN [2018-01-23 14:48:03,477] (ProjectService.java:handleRetrieveResult:2129) - Nothing to save to project - retrieve result is empty
 WARN [2018-01-23 15:36:40,853] (BuilderPayload.java:filterComponentsInConflict:256) - Remote retrieve result count [1] does not equal request count [2].
 WARN [2018-01-23 15:36:40,865] (ProjectPackageList.java:getComponentByFilePath:662) - Did not find component for 'classes/COM_ArticleList_Controller.cls'
 WARN [2018-01-23 15:36:40,870] (BuilderPayload.java:conflictCheck:296) - ApexClass 'classes/COM_ArticleList_Controller.cls' [unpackaged] not found in remote project package list.  Assuming no conflict.
 WARN [2018-01-23 15:36:40,873] (ProjectPackageList.java:getComponentByFilePath:662) - Did not find component for 'classes/COM_ArticleList_Controller.cls-meta.xml'
 WARN [2018-01-23 15:36:40,876] (BuilderPayload.java:conflictCheck:296) - ApexClass 'classes/COM_ArticleList_Controller.cls-meta.xml' [unpackaged] not found in remote project package list.  Assuming no conflict.
 WARN [2018-01-23 15:57:47,834] (BuilderPayload.java:filterComponentsInConflict:256) - Remote retrieve result count [8] does not equal request count [1].
 WARN [2018-01-23 15:57:47,848] (ProjectPackageList.java:getComponentByFilePath:662) - Did not find component for 'aura/COM_ArticleDetailImage_LCMP'
 WARN [2018-01-23 15:57:47,849] (BuilderPayload.java:conflictCheck:296) - AuraDefinitionBundle 'aura/COM_ArticleDetailImage_LCMP' [unpackaged] not found in remote project package list.  Assuming no conflict.
 WARN [2018-01-23 15:58:00,928] (ProjectPackageList.java:getAllComponentResources:938) - File resource not found for component AuraDefinitionBundle 'aura/COM_ArticleDetailImage_LCMP' [unpackaged]
 WARN [2018-01-23 15:58:00,931] (MarkerUtils.java:clearDirty:446) - Unable to clear dirty markers on resources - resources is null or empty
 WARN [2018-01-23 15:58:00,934] (ProjectPackageList.java:getAllComponentResources:938) - File resource not found for component AuraDefinitionBundle 'aura/COM_ArticleDetailImage_LCMP' [unpackaged]
 WARN [2018-01-23 15:58:00,937] (MarkerUtils.java:clearSaveMarkers:564) - Unable to clear save markers on resources - resources is null or empty 
 WARN [2018-01-23 15:58:00,947] (ProjectPackageList.java:getComponentByMetadataFilePath:737) - Did not find component for 'aura/COM_ArticleDetailImage_LCMP'
 WARN [2018-01-23 15:58:00,950] (ProjectService.java:handleRetrieveMessages:2220) - Unable to handle retrieve message - could not find component 'aura/COM_ArticleDetailImage_LCMP' for message 'In field: specific ids - no AuraDefinitionBundle named COM_ArticleDetailImage_LCMP. found'
 WARN [2018-01-23 16:29:26,820] (ProjectPackageList.java:getAllComponentResources:938) - File resource not found for component AuraDefinitionBundle 'aura/COM_ArticleDetailImage_LCMP' [unpackaged]
 WARN [2018-01-23 16:29:26,823] (MarkerUtils.java:clearDirty:446) - Unable to clear dirty markers on resources - resources is null or empty
 WARN [2018-01-23 16:29:26,826] (ProjectPackageList.java:getAllComponentResources:938) - File resource not found for component AuraDefinitionBundle 'aura/COM_ArticleDetailImage_LCMP' [unpackaged]
 WARN [2018-01-23 16:29:26,830] (MarkerUtils.java:clearSaveMarkers:564) - Unable to clear save markers on resources - resources is null or empty 
 WARN [2018-01-23 16:29:26,843] (ProjectPackageList.java:getComponentByMetadataFilePath:737) - Did not find component for 'aura/COM_ArticleDetailImage_LCMP'
 WARN [2018-01-23 16:29:26,846] (ProjectService.java:handleRetrieveMessages:2220) - Unable to handle retrieve message - could not find component 'aura/COM_ArticleDetailImage_LCMP' for message 'In field: specific ids - no AuraDefinitionBundle named COM_ArticleDetailImage_LCMP. found'
 WARN [2018-01-23 16:29:33,421] (ProjectService.java:evaluateLocalAndRemote:2667) - Project package 'unpackaged' does not jive with remote package - assuming project is out of sync
 WARN [2018-01-23 18:31:29,992] (BuilderPayload.java:filterComponentsInConflict:256) - Remote retrieve result count [8] does not equal request count [1].
 WARN [2018-01-23 18:31:30,016] (ProjectPackageList.java:getComponentByFilePath:662) - Did not find component for 'aura/COM_ArticleDetailImage_LCMP'
 WARN [2018-01-23 18:31:30,018] (BuilderPayload.java:conflictCheck:296) - AuraDefinitionBundle 'aura/COM_ArticleDetailImage_LCMP' [unpackaged] not found in remote project package list.  Assuming no conflict.
 WARN [2018-01-23 18:31:45,546] (ProjectPackageList.java:getAllComponentResources:938) - File resource not found for component AuraDefinitionBundle 'aura/COM_ArticleDetailImage_LCMP' [unpackaged]
 WARN [2018-01-23 18:31:45,547] (MarkerUtils.java:clearDirty:446) - Unable to clear dirty markers on resources - resources is null or empty
 WARN [2018-01-23 18:31:45,548] (ProjectPackageList.java:getAllComponentResources:938) - File resource not found for component AuraDefinitionBundle 'aura/COM_ArticleDetailImage_LCMP' [unpackaged]
 WARN [2018-01-23 18:31:45,549] (MarkerUtils.java:clearSaveMarkers:564) - Unable to clear save markers on resources - resources is null or empty 
 WARN [2018-01-23 18:31:45,552] (ProjectPackageList.java:getComponentByMetadataFilePath:737) - Did not find component for 'aura/COM_ArticleDetailImage_LCMP'
 WARN [2018-01-23 18:31:45,553] (ProjectService.java:handleRetrieveMessages:2220) - Unable to handle retrieve message - could not find component 'aura/COM_ArticleDetailImage_LCMP' for message 'In field: specific ids - no AuraDefinitionBundle named COM_ArticleDetailImage_LCMP. found'
 WARN [2018-01-23 19:00:35,075] (BuilderPayload.java:filterComponentsInConflict:256) - Remote retrieve result count [8] does not equal request count [1].
 WARN [2018-01-23 19:00:35,086] (ProjectPackageList.java:getComponentByFilePath:662) - Did not find component for 'aura/COM_ArticleDetailImage_LCMP'
 WARN [2018-01-23 19:00:35,090] (BuilderPayload.java:conflictCheck:296) - AuraDefinitionBundle 'aura/COM_ArticleDetailImage_LCMP' [unpackaged] not found in remote project package list.  Assuming no conflict.
 WARN [2018-01-23 19:00:51,117] (ProjectPackageList.java:getAllComponentResources:938) - File resource not found for component AuraDefinitionBundle 'aura/COM_ArticleDetailImage_LCMP' [unpackaged]
 WARN [2018-01-23 19:00:51,118] (MarkerUtils.java:clearDirty:446) - Unable to clear dirty markers on resources - resources is null or empty
 WARN [2018-01-23 19:00:51,119] (ProjectPackageList.java:getAllComponentResources:938) - File resource not found for component AuraDefinitionBundle 'aura/COM_ArticleDetailImage_LCMP' [unpackaged]
 WARN [2018-01-23 19:00:51,120] (MarkerUtils.java:clearSaveMarkers:564) - Unable to clear save markers on resources - resources is null or empty 
 WARN [2018-01-23 19:00:51,122] (ProjectPackageList.java:getComponentByMetadataFilePath:737) - Did not find component for 'aura/COM_ArticleDetailImage_LCMP'
 WARN [2018-01-23 19:00:51,123] (ProjectService.java:handleRetrieveMessages:2220) - Unable to handle retrieve message - could not find component 'aura/COM_ArticleDetailImage_LCMP' for message 'In field: specific ids - no AuraDefinitionBundle named COM_ArticleDetailImage_LCMP. found'
 WARN [2018-01-23 19:00:53,328] (BuilderPayload.java:filterComponentsInConflict:256) - Remote retrieve result count [8] does not equal request count [1].
 WARN [2018-01-23 19:00:53,344] (ProjectPackageList.java:getComponentByFilePath:662) - Did not find component for 'aura/COM_ArticleDetailImage_LCMP'
 WARN [2018-01-23 19:00:53,350] (BuilderPayload.java:conflictCheck:296) - AuraDefinitionBundle 'aura/COM_ArticleDetailImage_LCMP' [unpackaged] not found in remote project package list.  Assuming no conflict.
 WARN [2018-01-23 19:01:06,690] (ProjectPackageList.java:getAllComponentResources:938) - File resource not found for component AuraDefinitionBundle 'aura/COM_ArticleDetailImage_LCMP' [unpackaged]
 WARN [2018-01-23 19:01:06,691] (MarkerUtils.java:clearDirty:446) - Unable to clear dirty markers on resources - resources is null or empty
 WARN [2018-01-23 19:01:06,692] (ProjectPackageList.java:getAllComponentResources:938) - File resource not found for component AuraDefinitionBundle 'aura/COM_ArticleDetailImage_LCMP' [unpackaged]
 WARN [2018-01-23 19:01:06,693] (MarkerUtils.java:clearSaveMarkers:564) - Unable to clear save markers on resources - resources is null or empty 
 WARN [2018-01-23 19:01:06,697] (ProjectPackageList.java:getComponentByMetadataFilePath:737) - Did not find component for 'aura/COM_ArticleDetailImage_LCMP'
 WARN [2018-01-23 19:01:06,699] (ProjectService.java:handleRetrieveMessages:2220) - Unable to handle retrieve message - could not find component 'aura/COM_ArticleDetailImage_LCMP' for message 'In field: specific ids - no AuraDefinitionBundle named COM_ArticleDetailImage_LCMP. found'
 WARN [2018-01-23 19:01:08,816] (BuilderPayload.java:filterComponentsInConflict:256) - Remote retrieve result count [8] does not equal request count [1].
 WARN [2018-01-23 19:01:08,837] (ProjectPackageList.java:getComponentByFilePath:662) - Did not find component for 'aura/COM_ArticleDetailImage_LCMP'
 WARN [2018-01-23 19:01:08,838] (BuilderPayload.java:conflictCheck:296) - AuraDefinitionBundle 'aura/COM_ArticleDetailImage_LCMP' [unpackaged] not found in remote project package list.  Assuming no conflict.
 WARN [2018-01-23 19:01:19,632] (ProjectPackageList.java:getAllComponentResources:938) - File resource not found for component AuraDefinitionBundle 'aura/COM_ArticleDetailImage_LCMP' [unpackaged]
 WARN [2018-01-23 19:01:19,635] (MarkerUtils.java:clearDirty:446) - Unable to clear dirty markers on resources - resources is null or empty
 WARN [2018-01-23 19:01:19,638] (ProjectPackageList.java:getAllComponentResources:938) - File resource not found for component AuraDefinitionBundle 'aura/COM_ArticleDetailImage_LCMP' [unpackaged]
 WARN [2018-01-23 19:01:19,641] (MarkerUtils.java:clearSaveMarkers:564) - Unable to clear save markers on resources - resources is null or empty 
 WARN [2018-01-23 19:01:19,646] (ProjectPackageList.java:getComponentByMetadataFilePath:737) - Did not find component for 'aura/COM_ArticleDetailImage_LCMP'
 WARN [2018-01-23 19:01:19,651] (ProjectService.java:handleRetrieveMessages:2220) - Unable to handle retrieve message - could not find component 'aura/COM_ArticleDetailImage_LCMP' for message 'In field: specific ids - no AuraDefinitionBundle named COM_ArticleDetailImage_LCMP. found'
 WARN [2018-01-23 19:21:51,673] (ConnectionFactory.java:clearCache:220) - Clearing the following cached connections
 WARN [2018-01-23 19:21:51,676] (DescribeObjectRegistry.java:clearCache:663) - Clearing cached describes
 WARN [2018-01-23 19:21:51,679] (MetadataFactory.java:clearCache:128) - Clearing the following cached metadata stubs
 WARN [2018-01-30 17:08:23,026] (BuilderPayload.java:filterComponentsInConflict:256) - Remote retrieve result count [8] does not equal request count [1].
 WARN [2018-01-30 17:08:23,051] (ProjectPackageList.java:getComponentByFilePath:662) - Did not find component for 'aura/COM_ArticleDetailImage_LCMP'
 WARN [2018-01-30 17:08:23,057] (BuilderPayload.java:conflictCheck:296) - AuraDefinitionBundle 'aura/COM_ArticleDetailImage_LCMP' [unpackaged] not found in remote project package list.  Assuming no conflict.
 WARN [2018-01-30 17:08:51,284] (ProjectPackageList.java:getAllComponentResources:938) - File resource not found for component AuraDefinitionBundle 'aura/COM_ArticleDetailImage_LCMP' [unpackaged]
 WARN [2018-01-30 17:08:51,299] (MarkerUtils.java:clearDirty:446) - Unable to clear dirty markers on resources - resources is null or empty
 WARN [2018-01-30 17:08:51,299] (ProjectPackageList.java:getAllComponentResources:938) - File resource not found for component AuraDefinitionBundle 'aura/COM_ArticleDetailImage_LCMP' [unpackaged]
 WARN [2018-01-30 17:08:51,299] (MarkerUtils.java:clearSaveMarkers:564) - Unable to clear save markers on resources - resources is null or empty 
 WARN [2018-01-30 17:08:51,307] (ProjectPackageList.java:getComponentByMetadataFilePath:737) - Did not find component for 'aura/COM_ArticleDetailImage_LCMP'
 WARN [2018-01-30 17:08:51,309] (ProjectService.java:handleRetrieveMessages:2220) - Unable to handle retrieve message - could not find component 'aura/COM_ArticleDetailImage_LCMP' for message 'In field: specific ids - no AuraDefinitionBundle named COM_ArticleDetailImage_LCMP. found'
 WARN [2018-01-30 17:08:53,604] (BuilderPayload.java:filterComponentsInConflict:256) - Remote retrieve result count [16] does not equal request count [14].
 WARN [2018-01-30 17:08:53,632] (ProjectPackageList.java:getComponentByFilePath:662) - Did not find component for 'aura/COM_ArticleDetailImage_LCMP'
 WARN [2018-01-30 17:08:53,634] (BuilderPayload.java:conflictCheck:296) - AuraDefinitionBundle 'aura/COM_ArticleDetailImage_LCMP' [unpackaged] not found in remote project package list.  Assuming no conflict.
 WARN [2018-01-30 17:08:53,636] (ProjectPackageList.java:getComponentByFilePath:662) - Did not find component for 'aura/COM_StockTicker_LCMP'
 WARN [2018-01-30 17:08:53,636] (BuilderPayload.java:conflictCheck:296) - AuraDefinitionBundle 'aura/COM_StockTicker_LCMP' [unpackaged] not found in remote project package list.  Assuming no conflict.
 WARN [2018-01-30 17:08:53,638] (ProjectPackageList.java:getComponentByFilePath:662) - Did not find component for 'classes/CB_EntitlementsToCaseAssignment_Handler.cls'
 WARN [2018-01-30 17:08:53,639] (BuilderPayload.java:conflictCheck:296) - ApexClass 'classes/CB_EntitlementsToCaseAssignment_Handler.cls' [unpackaged] not found in remote project package list.  Assuming no conflict.
 WARN [2018-01-30 17:08:53,640] (ProjectPackageList.java:getComponentByFilePath:662) - Did not find component for 'classes/CB_EntitlementsToCaseAssignment_Handler.cls-meta.xml'
 WARN [2018-01-30 17:08:53,641] (BuilderPayload.java:conflictCheck:296) - ApexClass 'classes/CB_EntitlementsToCaseAssignment_Handler.cls-meta.xml' [unpackaged] not found in remote project package list.  Assuming no conflict.
 WARN [2018-01-30 17:08:53,644] (ProjectPackageList.java:getComponentByFilePath:662) - Did not find component for 'classes/COM_Utility.cls'
 WARN [2018-01-30 17:08:53,660] (BuilderPayload.java:conflictCheck:296) - ApexClass 'classes/COM_Utility.cls' [unpackaged] not found in remote project package list.  Assuming no conflict.
 WARN [2018-01-30 17:08:53,676] (ProjectPackageList.java:getComponentByFilePath:662) - Did not find component for 'classes/COM_Utility.cls-meta.xml'
 WARN [2018-01-30 17:08:53,676] (BuilderPayload.java:conflictCheck:296) - ApexClass 'classes/COM_Utility.cls-meta.xml' [unpackaged] not found in remote project package list.  Assuming no conflict.
 WARN [2018-01-30 17:08:53,676] (ProjectPackageList.java:getComponentByFilePath:662) - Did not find component for 'classes/COM_UtilityMock.cls'
 WARN [2018-01-30 17:08:53,676] (BuilderPayload.java:conflictCheck:296) - ApexClass 'classes/COM_UtilityMock.cls' [unpackaged] not found in remote project package list.  Assuming no conflict.
 WARN [2018-01-30 17:08:53,676] (ProjectPackageList.java:getComponentByFilePath:662) - Did not find component for 'classes/COM_UtilityMock.cls-meta.xml'
 WARN [2018-01-30 17:08:53,676] (BuilderPayload.java:conflictCheck:296) - ApexClass 'classes/COM_UtilityMock.cls-meta.xml' [unpackaged] not found in remote project package list.  Assuming no conflict.
 WARN [2018-01-30 17:08:53,676] (ProjectPackageList.java:getComponentByFilePath:662) - Did not find component for 'classes/COM_Utility_Test.cls'
 WARN [2018-01-30 17:08:53,676] (BuilderPayload.java:conflictCheck:296) - ApexClass 'classes/COM_Utility_Test.cls' [unpackaged] not found in remote project package list.  Assuming no conflict.
 WARN [2018-01-30 17:08:53,676] (ProjectPackageList.java:getComponentByFilePath:662) - Did not find component for 'classes/COM_Utility_Test.cls-meta.xml'
 WARN [2018-01-30 17:08:53,676] (BuilderPayload.java:conflictCheck:296) - ApexClass 'classes/COM_Utility_Test.cls-meta.xml' [unpackaged] not found in remote project package list.  Assuming no conflict.
 WARN [2018-01-30 17:08:53,676] (ProjectPackageList.java:getComponentByFilePath:662) - Did not find component for 'classes/DSCB_CloneAnything.cls'
 WARN [2018-01-30 17:08:53,676] (BuilderPayload.java:conflictCheck:296) - ApexClass 'classes/DSCB_CloneAnything.cls' [unpackaged] not found in remote project package list.  Assuming no conflict.
 WARN [2018-01-30 17:08:53,676] (ProjectPackageList.java:getComponentByFilePath:662) - Did not find component for 'classes/DSCB_CloneAnything.cls-meta.xml'
 WARN [2018-01-30 17:08:53,676] (BuilderPayload.java:conflictCheck:296) - ApexClass 'classes/DSCB_CloneAnything.cls-meta.xml' [unpackaged] not found in remote project package list.  Assuming no conflict.
 WARN [2018-01-30 17:09:13,150] (ProjectPackageList.java:getAllComponentResources:938) - File resource not found for component AuraDefinitionBundle 'aura/COM_ArticleDetailImage_LCMP' [unpackaged]
 WARN [2018-01-30 17:09:13,150] (ProjectPackageList.java:getAllComponentResources:938) - File resource not found for component AuraDefinitionBundle 'aura/COM_StockTicker_LCMP' [unpackaged]
 WARN [2018-01-30 17:09:13,151] (ProjectPackageList.java:getAllComponentResources:938) - File resource not found for component AuraDefinitionBundle 'aura/COM_ArticleDetailImage_LCMP' [unpackaged]
 WARN [2018-01-30 17:09:13,151] (ProjectPackageList.java:getAllComponentResources:938) - File resource not found for component AuraDefinitionBundle 'aura/COM_StockTicker_LCMP' [unpackaged]
 WARN [2018-01-30 17:09:13,703] (ProjectPackageList.java:getComponentByMetadataFilePath:737) - Did not find component for 'aura/COM_ArticleDetailImage_LCMP'
 WARN [2018-01-30 17:09:13,719] (ProjectService.java:handleRetrieveMessages:2220) - Unable to handle retrieve message - could not find component 'aura/COM_ArticleDetailImage_LCMP' for message 'In field: specific ids - no AuraDefinitionBundle named COM_ArticleDetailImage_LCMP. found'
 WARN [2018-01-30 17:09:13,735] (ProjectPackageList.java:getComponentByMetadataFilePath:737) - Did not find component for 'aura/COM_StockTicker_LCMP'
 WARN [2018-01-30 17:09:13,735] (ProjectService.java:handleRetrieveMessages:2220) - Unable to handle retrieve message - could not find component 'aura/COM_StockTicker_LCMP' for message 'In field: specific ids - no AuraDefinitionBundle named COM_StockTicker_LCMP. found'
 WARN [2018-01-30 19:00:53,240] (ConnectionFactory.java:clearCache:220) - Clearing the following cached connections
 WARN [2018-01-30 19:00:53,243] (DescribeObjectRegistry.java:clearCache:660) - No cached describes
 WARN [2018-01-30 19:00:53,245] (MetadataFactory.java:clearCache:128) - Clearing the following cached metadata stubs
 WARN [2018-02-01 18:44:10,246] (ConnectionFactory.java:clearCache:220) - Clearing the following cached connections
 WARN [2018-02-01 18:44:10,262] (DescribeObjectRegistry.java:clearCache:660) - No cached describes
 WARN [2018-02-01 18:44:10,262] (MetadataFactory.java:clearCache:125) - No cached metadata stubs
 WARN [2018-02-01 19:24:51,250] (ConnectionFactory.java:clearCache:220) - Clearing the following cached connections
 WARN [2018-02-01 19:24:51,284] (DescribeObjectRegistry.java:clearCache:660) - No cached describes
 WARN [2018-02-01 19:24:51,286] (MetadataFactory.java:clearCache:125) - No cached metadata stubs
 WARN [2018-02-02 11:52:54,243] (BaseBuilder.java:checkSkipBuilder:86) - Skipping build - user credentials not found
 WARN [2018-02-02 11:55:49,427] (ConnectionFactory.java:clearCache:220) - Clearing the following cached connections
 WARN [2018-02-02 11:55:49,430] (DescribeObjectRegistry.java:clearCache:660) - No cached describes
 WARN [2018-02-02 11:55:49,432] (MetadataFactory.java:clearCache:125) - No cached metadata stubs
 WARN [2018-02-02 11:59:36,988] (ProjectAddEvaluator.java:visit:86) - Unable to add skip builder flag to added project 'P/sf_dev': Project 'sf_dev' is not open. Cause:
 (1) Project 'sf_dev' is not open.
 WARN [2018-02-02 11:59:37,005] (ProjectAddEvaluator.java:visit:101) - Unable to add skip builder flag to added project 'P/sf_dev': Project 'sf_dev' is not open. Cause:
 (1) Project 'sf_dev' is not open.
 WARN [2018-02-02 15:32:24,656] (ConnectionFactory.java:clearCache:220) - Clearing the following cached connections
 WARN [2018-02-02 15:32:24,662] (DescribeObjectRegistry.java:clearCache:660) - No cached describes
 WARN [2018-02-02 15:32:24,664] (MetadataFactory.java:clearCache:125) - No cached metadata stubs
 WARN [2018-02-02 19:15:26,640] (ConnectionFactory.java:clearCache:217) - No cached connections
 WARN [2018-02-02 19:15:26,649] (DescribeObjectRegistry.java:clearCache:660) - No cached describes
 WARN [2018-02-02 19:15:26,651] (MetadataFactory.java:clearCache:125) - No cached metadata stubs
 WARN [2018-02-04 12:00:13,573] (BaseRetryAspect.java:isLoginExceptionRetryable:124) - Login evaluation deemed exception not retry-able:
 LoginFault: Invalid username, password, security token; or user locked out.
 WARN [2018-02-04 12:00:13,582] (BaseRetryAspect.java:isConnectionExceptionRetryable:159) - Connection evaluation deemed exception not retry-able:
 LoginFault: Invalid username, password, security token; or user locked out.
 WARN [2018-02-04 12:00:13,615] (RefreshResourceHandler.java:fetchRemoteComponents:116) - Unable to refresh resource(s): Invalid username, password, security token; or user locked out.
 WARN [2018-02-04 12:01:52,603] (BaseRetryAspect.java:isLoginExceptionRetryable:124) - Login evaluation deemed exception not retry-able:
 LoginFault: Invalid username, password, security token; or user locked out.
 WARN [2018-02-04 12:01:52,609] (BaseRetryAspect.java:isConnectionExceptionRetryable:159) - Connection evaluation deemed exception not retry-able:
 LoginFault: Invalid username, password, security token; or user locked out.
 WARN [2018-02-04 12:01:52,615] (ProjectPropertyPage.java:updateProject:168) - Invalid login credentials: Invalid username, password, security token; or user locked out.
 WARN [2018-02-04 12:04:54,470] (BaseRetryAspect.java:isLoginExceptionRetryable:124) - Login evaluation deemed exception not retry-able:
 ConnectException: Connection timed out: connect
 WARN [2018-02-04 12:04:54,473] (BaseRetryAspect.java:isConnectionExceptionRetryable:159) - Connection evaluation deemed exception not retry-able:
 ConnectException: Connection timed out: connect
ERROR [2018-02-04 12:04:54,477] (ProjectPropertyPage.java:updateProject:182) - Unable to update project properties.
com.salesforce.ide.core.remote.ForceConnectionException: Unable to create connection to server 'test.salesforce.com':

ConnectException: Connection timed out: connect
	at com.salesforce.ide.core.internal.utils.ForceExceptionUtils.handleConnectionException(ForceExceptionUtils.java:74)
	at com.salesforce.ide.core.remote.Connection.login(Connection.java:301)
	at com.salesforce.ide.core.remote.Connection$$FastClassByCGLIB$$8e61a81d.invoke(<generated>)
	at net.sf.cglib.proxy.MethodProxy.invoke(MethodProxy.java:149)
	at org.springframework.aop.framework.Cglib2AopProxy$CglibMethodInvocation.invokeJoinpoint(Cglib2AopProxy.java:700)
	at org.springframework.aop.framework.ReflectiveMethodInvocation.proceed(ReflectiveMethodInvocation.java:149)
	at org.springframework.aop.aspectj.MethodInvocationProceedingJoinPoint.proceed(MethodInvocationProceedingJoinPoint.java:77)
	at com.salesforce.ide.core.internal.aspects.LoginRetryAspect.loginRetry(LoginRetryAspect.java:34)
	at sun.reflect.NativeMethodAccessorImpl.invoke0(Native Method)
	at sun.reflect.NativeMethodAccessorImpl.invoke(NativeMethodAccessorImpl.java:62)
	at sun.reflect.DelegatingMethodAccessorImpl.invoke(DelegatingMethodAccessorImpl.java:43)
	at java.lang.reflect.Method.invoke(Method.java:498)
	at org.springframework.aop.aspectj.AbstractAspectJAdvice.invokeAdviceMethodWithGivenArgs(AbstractAspectJAdvice.java:627)
	at org.springframework.aop.aspectj.AbstractAspectJAdvice.invokeAdviceMethod(AbstractAspectJAdvice.java:616)
	at org.springframework.aop.aspectj.AspectJAroundAdvice.invoke(AspectJAroundAdvice.java:64)
	at org.springframework.aop.framework.ReflectiveMethodInvocation.proceed(ReflectiveMethodInvocation.java:171)
	at org.springframework.aop.framework.adapter.MethodBeforeAdviceInterceptor.invoke(MethodBeforeAdviceInterceptor.java:50)
	at org.springframework.aop.framework.ReflectiveMethodInvocation.proceed(ReflectiveMethodInvocation.java:171)
	at org.springframework.aop.interceptor.ExposeInvocationInterceptor.invoke(ExposeInvocationInterceptor.java:90)
	at org.springframework.aop.framework.ReflectiveMethodInvocation.proceed(ReflectiveMethodInvocation.java:171)
	at org.springframework.aop.framework.Cglib2AopProxy$DynamicAdvisedInterceptor.intercept(Cglib2AopProxy.java:635)
	at com.salesforce.ide.core.remote.Connection$$EnhancerByCGLIB$$8496179b.login(<generated>)
	at com.salesforce.ide.core.factories.ConnectionFactory.getNewConnection(ConnectionFactory.java:82)
	at com.salesforce.ide.core.factories.ConnectionFactory.storeConnection(ConnectionFactory.java:167)
	at com.salesforce.ide.core.factories.ConnectionFactory.getConnection(ConnectionFactory.java:134)
	at com.salesforce.ide.ui.properties.ProjectUpdateOperation.update(ProjectUpdateOperation.java:63)
	at com.salesforce.ide.ui.properties.ProjectPropertyPage.updateProject(ProjectPropertyPage.java:150)
	at com.salesforce.ide.ui.properties.ProjectPropertyPage.performOk(ProjectPropertyPage.java:136)
	at org.eclipse.jface.preference.PreferenceDialog$7.run(PreferenceDialog.java:902)
	at org.eclipse.core.runtime.SafeRunner.run(SafeRunner.java:42)
	at org.eclipse.ui.internal.JFaceUtil.lambda$0(JFaceUtil.java:44)
	at org.eclipse.jface.util.SafeRunnable.run(SafeRunnable.java:173)
	at org.eclipse.jface.preference.PreferenceDialog.okPressed(PreferenceDialog.java:886)
	at org.eclipse.ui.internal.dialogs.FilteredPreferenceDialog.okPressed(FilteredPreferenceDialog.java:400)
	at org.eclipse.jface.preference.PreferenceDialog.buttonPressed(PreferenceDialog.java:230)
	at org.eclipse.jface.dialogs.Dialog.lambda$0(Dialog.java:619)
	at org.eclipse.swt.events.SelectionListener$1.widgetSelected(SelectionListener.java:81)
	at org.eclipse.swt.widgets.TypedListener.handleEvent(TypedListener.java:249)
	at org.eclipse.swt.widgets.EventTable.sendEvent(EventTable.java:86)
	at org.eclipse.swt.widgets.Display.sendEvent(Display.java:4428)
	at org.eclipse.swt.widgets.Widget.sendEvent(Widget.java:1079)
	at org.eclipse.swt.widgets.Display.runDeferredEvents(Display.java:4238)
	at org.eclipse.swt.widgets.Display.readAndDispatch(Display.java:3817)
	at org.eclipse.jface.window.Window.runEventLoop(Window.java:818)
	at org.eclipse.jface.window.Window.open(Window.java:794)
	at com.salesforce.ide.ui.handlers.OpenProjectPropertiesHandler.execute(OpenProjectPropertiesHandler.java:31)
	at org.eclipse.ui.internal.handlers.HandlerProxy.execute(HandlerProxy.java:291)
	at org.eclipse.ui.internal.handlers.E4HandlerProxy.execute(E4HandlerProxy.java:92)
	at sun.reflect.NativeMethodAccessorImpl.invoke0(Native Method)
	at sun.reflect.NativeMethodAccessorImpl.invoke(NativeMethodAccessorImpl.java:62)
	at sun.reflect.DelegatingMethodAccessorImpl.invoke(DelegatingMethodAccessorImpl.java:43)
	at java.lang.reflect.Method.invoke(Method.java:498)
	at org.eclipse.e4.core.internal.di.MethodRequestor.execute(MethodRequestor.java:55)
	at org.eclipse.e4.core.internal.di.InjectorImpl.invokeUsingClass(InjectorImpl.java:305)
	at org.eclipse.e4.core.internal.di.InjectorImpl.invoke(InjectorImpl.java:239)
	at org.eclipse.e4.core.contexts.ContextInjectionFactory.invoke(ContextInjectionFactory.java:132)
	at org.eclipse.e4.core.commands.internal.HandlerServiceHandler.execute(HandlerServiceHandler.java:152)
	at org.eclipse.core.commands.Command.executeWithChecks(Command.java:494)
	at org.eclipse.core.commands.ParameterizedCommand.executeWithChecks(ParameterizedCommand.java:487)
	at org.eclipse.e4.core.commands.internal.HandlerServiceImpl.executeHandler(HandlerServiceImpl.java:210)
	at org.eclipse.e4.ui.workbench.renderers.swt.HandledContributionItem.executeItem(HandledContributionItem.java:431)
	at org.eclipse.e4.ui.workbench.renderers.swt.AbstractContributionItem.handleWidgetSelection(AbstractContributionItem.java:446)
	at org.eclipse.e4.ui.workbench.renderers.swt.AbstractContributionItem.lambda$2(AbstractContributionItem.java:472)
	at org.eclipse.swt.widgets.EventTable.sendEvent(EventTable.java:86)
	at org.eclipse.swt.widgets.Display.sendEvent(Display.java:4428)
	at org.eclipse.swt.widgets.Widget.sendEvent(Widget.java:1079)
	at org.eclipse.swt.widgets.Display.runDeferredEvents(Display.java:4238)
	at org.eclipse.swt.widgets.Display.readAndDispatch(Display.java:3817)
	at org.eclipse.e4.ui.internal.workbench.swt.PartRenderingEngine$5.run(PartRenderingEngine.java:1155)
	at org.eclipse.core.databinding.observable.Realm.runWithDefault(Realm.java:336)
	at org.eclipse.e4.ui.internal.workbench.swt.PartRenderingEngine.run(PartRenderingEngine.java:1044)
	at org.eclipse.e4.ui.internal.workbench.E4Workbench.createAndRunUI(E4Workbench.java:153)
	at org.eclipse.ui.internal.Workbench.lambda$3(Workbench.java:680)
	at org.eclipse.core.databinding.observable.Realm.runWithDefault(Realm.java:336)
	at org.eclipse.ui.internal.Workbench.createAndRunWorkbench(Workbench.java:594)
	at org.eclipse.ui.PlatformUI.createAndRunWorkbench(PlatformUI.java:148)
	at org.eclipse.ui.internal.ide.application.IDEApplication.start(IDEApplication.java:151)
	at org.eclipse.equinox.internal.app.EclipseAppHandle.run(EclipseAppHandle.java:196)
	at org.eclipse.core.runtime.internal.adaptor.EclipseAppLauncher.runApplication(EclipseAppLauncher.java:134)
	at org.eclipse.core.runtime.internal.adaptor.EclipseAppLauncher.start(EclipseAppLauncher.java:104)
	at org.eclipse.core.runtime.adaptor.EclipseStarter.run(EclipseStarter.java:388)
	at org.eclipse.core.runtime.adaptor.EclipseStarter.run(EclipseStarter.java:243)
	at sun.reflect.NativeMethodAccessorImpl.invoke0(Native Method)
	at sun.reflect.NativeMethodAccessorImpl.invoke(NativeMethodAccessorImpl.java:62)
	at sun.reflect.DelegatingMethodAccessorImpl.invoke(DelegatingMethodAccessorImpl.java:43)
	at java.lang.reflect.Method.invoke(Method.java:498)
	at org.eclipse.equinox.launcher.Main.invokeFramework(Main.java:653)
	at org.eclipse.equinox.launcher.Main.basicRun(Main.java:590)
	at org.eclipse.equinox.launcher.Main.run(Main.java:1499)
Caused by: com.sforce.ws.ConnectionException: Failed to send request to https://test.salesforce.com/services/Soap/u/38.0
	at com.sforce.ws.transport.SoapConnection.send(SoapConnection.java:121)
	at com.sforce.soap.partner.wsc.PartnerConnection.login(PartnerConnection.java:1065)
	at com.salesforce.ide.core.remote.Connection.login(Connection.java:254)
	... 87 more
Caused by: java.net.ConnectException: Connection timed out: connect
	at java.net.DualStackPlainSocketImpl.waitForConnect(Native Method)
	at java.net.DualStackPlainSocketImpl.socketConnect(DualStackPlainSocketImpl.java:85)
	at java.net.AbstractPlainSocketImpl.doConnect(AbstractPlainSocketImpl.java:350)
	at java.net.AbstractPlainSocketImpl.connectToAddress(AbstractPlainSocketImpl.java:206)
	at java.net.AbstractPlainSocketImpl.connect(AbstractPlainSocketImpl.java:188)
	at java.net.PlainSocketImpl.connect(PlainSocketImpl.java:172)
	at java.net.SocksSocketImpl.connect(SocksSocketImpl.java:392)
	at java.net.Socket.connect(Socket.java:589)
	at sun.security.ssl.SSLSocketImpl.connect(SSLSocketImpl.java:673)
	at sun.net.NetworkClient.doConnect(NetworkClient.java:175)
	at sun.net.www.http.HttpClient.openServer(HttpClient.java:463)
	at sun.net.www.http.HttpClient.openServer(HttpClient.java:558)
	at sun.net.www.protocol.https.HttpsClient.<init>(HttpsClient.java:264)
	at sun.net.www.protocol.https.HttpsClient.New(HttpsClient.java:367)
	at sun.net.www.protocol.https.AbstractDelegateHttpsURLConnection.getNewHttpClient(AbstractDelegateHttpsURLConnection.java:191)
	at sun.net.www.protocol.http.HttpURLConnection.plainConnect0(HttpURLConnection.java:1199)
	at sun.net.www.protocol.http.HttpURLConnection.plainConnect(HttpURLConnection.java:1050)
	at sun.net.www.protocol.https.AbstractDelegateHttpsURLConnection.connect(AbstractDelegateHttpsURLConnection.java:177)
	at sun.net.www.protocol.http.HttpURLConnection.getOutputStream0(HttpURLConnection.java:1334)
	at sun.net.www.protocol.http.HttpURLConnection.getOutputStream(HttpURLConnection.java:1309)
	at sun.net.www.protocol.https.HttpsURLConnectionImpl.getOutputStream(HttpsURLConnectionImpl.java:259)
	at com.sforce.ws.transport.JdkHttpTransport.connectRaw(JdkHttpTransport.java:136)
	at com.sforce.ws.transport.JdkHttpTransport.connectLocal(JdkHttpTransport.java:100)
	at com.sforce.ws.transport.JdkHttpTransport.connectLocal(JdkHttpTransport.java:95)
	at com.sforce.ws.transport.JdkHttpTransport.connect(JdkHttpTransport.java:91)
	at com.sforce.ws.transport.SoapConnection.send(SoapConnection.java:95)
	... 89 more
 WARN [2018-02-04 12:11:42,650] (ProjectController.java:handleRetrieveResults:694) - Failed to retrieve: 'Salesforce Connected Apps/package.xml': Metadata API received improper input. Please ensure file name and capitalization is correct. Load of metadata from db failed for metadata of type:ConnectedApp and file name:Dataloader_Bulk.
 WARN [2018-02-04 12:11:42,651] (ProjectController.java:handleRetrieveResults:694) - Failed to retrieve: 'Salesforce Connected Apps/package.xml': Metadata API received improper input. Please ensure file name and capitalization is correct. Load of metadata from db failed for metadata of type:ConnectedApp and file name:Salesforce_Mobile_Dashboards.
 WARN [2018-02-04 12:11:42,655] (ProjectController.java:handleRetrieveResults:694) - Failed to retrieve: 'Salesforce Connected Apps/package.xml': Metadata API received improper input. Please ensure file name and capitalization is correct. Load of metadata from db failed for metadata of type:ConnectedApp and file name:Forcecom_Migration_Tool.
 WARN [2018-02-04 12:11:42,657] (ProjectController.java:handleRetrieveResults:694) - Failed to retrieve: 'Salesforce Connected Apps/package.xml': Metadata API received improper input. Please ensure file name and capitalization is correct. Load of metadata from db failed for metadata of type:ConnectedApp and file name:Forcecom_IDE.
 WARN [2018-02-04 12:11:42,658] (ProjectController.java:handleRetrieveResults:694) - Failed to retrieve: 'Salesforce Connected Apps/package.xml': Metadata API received improper input. Please ensure file name and capitalization is correct. Load of metadata from db failed for metadata of type:ConnectedApp and file name:Dataloader_Partner.
 WARN [2018-02-04 12:11:42,659] (ProjectController.java:handleRetrieveResults:694) - Failed to retrieve: 'Salesforce Connected Apps/package.xml': Metadata API received improper input. Please ensure file name and capitalization is correct. Load of metadata from db failed for metadata of type:ConnectedApp and file name:Workbench.
 WARN [2018-02-04 12:11:42,660] (ProjectController.java:handleRetrieveResults:694) - Failed to retrieve: 'Salesforce Connected Apps/package.xml': Metadata API received improper input. Please ensure file name and capitalization is correct. Load of metadata from db failed for metadata of type:ConnectedApp and file name:Salesforce_for_Outlook.
 WARN [2018-02-04 12:11:42,662] (ProjectController.java:handleRetrieveResults:694) - Failed to retrieve: 'Salesforce Connected Apps/package.xml': Metadata API received improper input. Please ensure file name and capitalization is correct. Load of metadata from db failed for metadata of type:ConnectedApp and file name:Salesforce_Touch.
 WARN [2018-02-04 12:11:42,663] (ProjectController.java:handleRetrieveResults:694) - Failed to retrieve: 'Salesforce and Chatter Apps/package.xml': Metadata API received improper input. Please ensure file name and capitalization is correct. Load of metadata from db failed for metadata of type:ConnectedApp and file name:SalesforceA.
 WARN [2018-02-04 12:11:42,664] (ProjectController.java:handleRetrieveResults:694) - Failed to retrieve: 'Salesforce and Chatter Apps/package.xml': Metadata API received improper input. Please ensure file name and capitalization is correct. Load of metadata from db failed for metadata of type:ConnectedApp and file name:Salesforce1_for_Windows.
 WARN [2018-02-04 12:11:42,665] (ProjectController.java:handleRetrieveResults:694) - Failed to retrieve: 'Salesforce and Chatter Apps/package.xml': Metadata API received improper input. Please ensure file name and capitalization is correct. Load of metadata from db failed for metadata of type:ConnectedApp and file name:Salesforce_Chatterbox.
 WARN [2018-02-04 12:11:42,666] (ProjectController.java:handleRetrieveResults:694) - Failed to retrieve: 'Salesforce and Chatter Apps/package.xml': Metadata API received improper input. Please ensure file name and capitalization is correct. Load of metadata from db failed for metadata of type:ConnectedApp and file name:Chatter_for_iOS.
 WARN [2018-02-04 12:11:42,667] (ProjectController.java:handleRetrieveResults:694) - Failed to retrieve: 'Salesforce and Chatter Apps/package.xml': Metadata API received improper input. Please ensure file name and capitalization is correct. Load of metadata from db failed for metadata of type:ConnectedApp and file name:Chatter_for_BlackBerry.
 WARN [2018-02-04 12:11:42,668] (ProjectController.java:handleRetrieveResults:694) - Failed to retrieve: 'Salesforce and Chatter Apps/package.xml': Metadata API received improper input. Please ensure file name and capitalization is correct. Load of metadata from db failed for metadata of type:ConnectedApp and file name:Chatter_for_Android.
 WARN [2018-02-04 12:11:42,669] (ProjectController.java:handleRetrieveResults:694) - Failed to retrieve: 'Salesforce and Chatter Apps/package.xml': Metadata API received improper input. Please ensure file name and capitalization is correct. Load of metadata from db failed for metadata of type:ConnectedApp and file name:Chatter_Desktop.
ERROR [2018-02-04 12:11:42,841] (SyncServiceListenerBroadcaster.java:handleException:59) - Error executing a contributed ISyncServiceListener
java.lang.NullPointerException
	at com.salesforce.ide.core.model.ComponentList.getComponentFactory(ComponentList.java:59)
	at com.salesforce.ide.core.model.ComponentList.getComponentListForComponentType(ComponentList.java:261)
	at com.salesforce.ide.debug.ui.sync.SyncActionListener.collectDebuggerElements(SyncActionListener.java:145)
	at com.salesforce.ide.debug.ui.sync.SyncActionListener.collectApexDebuggerElementsWithOpenedEditors(SyncActionListener.java:120)
	at com.salesforce.ide.debug.ui.sync.SyncActionListener.projectSync(SyncActionListener.java:113)
	at com.salesforce.ide.core.services.hooks.SyncServiceListenerBroadcaster$1.run(SyncServiceListenerBroadcaster.java:54)
	at org.eclipse.core.runtime.SafeRunner.run(SafeRunner.java:42)
	at org.eclipse.ui.internal.JFaceUtil.lambda$0(JFaceUtil.java:44)
	at org.eclipse.jface.util.SafeRunnable.run(SafeRunnable.java:173)
	at com.salesforce.ide.core.services.hooks.SyncServiceListenerBroadcaster.executeExtension(SyncServiceListenerBroadcaster.java:62)
	at com.salesforce.ide.core.services.hooks.SyncServiceListenerBroadcaster.broadcast(SyncServiceListenerBroadcaster.java:40)
	at com.salesforce.ide.core.model.ProjectPackageList.saveResources(ProjectPackageList.java:1066)
	at com.salesforce.ide.core.model.ProjectPackageList.saveResources(ProjectPackageList.java:996)
	at com.salesforce.ide.core.services.ForceProjectRefreshJob$ForceProjectRefreshProject.doSaveResources(ForceProjectRefreshJob.java:62)
	at com.salesforce.ide.core.services.ForceProjectRefreshJob.runInWorkspace(ForceProjectRefreshJob.java:42)
	at org.eclipse.core.internal.resources.InternalWorkspaceJob.run(InternalWorkspaceJob.java:39)
	at org.eclipse.core.internal.jobs.Worker.run(Worker.java:56)
 WARN [2018-02-04 12:23:03,698] (ConnectionFactory.java:clearCache:220) - Clearing the following cached connections
 WARN [2018-02-04 12:23:03,701] (DescribeObjectRegistry.java:clearCache:660) - No cached describes
 WARN [2018-02-04 12:23:03,704] (MetadataFactory.java:clearCache:128) - Clearing the following cached metadata stubs
 WARN [2018-02-05 14:28:27,788] (ComponentFactory.java:getCompositeComponentFromComponent:975) - Unable to load existing 'classes/COM_ArticleDetailImage_LCMP.cls-meta.xml' from project - associated component's file resource is null.  Assuming new.
 WARN [2018-02-05 14:28:39,445] (Utils.java:loadDocument:807) - Unable to load document: C:\Users\bandariv\eclipse-workspace\.metadata\.plugins\org.eclipse.core.resources\.projects\sf_dev_internal\com.salesforce.ide.core\packageCache.xml (The system cannot find the file specified)
 WARN [2018-02-05 14:28:39,447] (ComponentController.java:run:421) - Unable to update cache with new component Apex Class - cache is not found
 WARN [2018-02-05 14:30:25,277] (ProjectPackageFactory.java:prepareProjectPackageList:249) - Project package list already contains component ApexClass 'classes/COM_ArticleDetailImage_LCMP.cls-meta.xml' [unpackaged] for file 'src/classes/COM_ArticleDetailImage_LCMP.cls-meta.xml'
 WARN [2018-02-05 14:30:38,521] (ProjectPackageList.java:getComponentByMetadataFilePath:737) - Did not find component for 'classes/COM_ArticleDetailImage_LCMP.cls'
 WARN [2018-02-05 14:30:38,523] (ProjectService.java:handleRetrieveMessages:2220) - Unable to handle retrieve message - could not find component 'classes/COM_ArticleDetailImage_LCMP.cls' for message 'In field: specific ids - no ApexClass named COM_ArticleDetailImage_LCMP found'
 WARN [2018-02-05 14:30:38,526] (Utils.java:loadDocument:807) - Unable to load document: C:\Users\bandariv\eclipse-workspace\.metadata\.plugins\org.eclipse.core.resources\.projects\sf_dev_internal\com.salesforce.ide.core\packageCache.xml (The system cannot find the file specified)
 WARN [2018-02-05 14:30:38,527] (DeleteRefactorController.java:run:344) - Unable to update cache with with deleted component(s)  - cache is not found
 WARN [2018-02-05 14:30:47,745] (ComponentController.java:checkInFolder:219) - Component resource 'COM_ArticleList_Controller.cls' already exists in project
 WARN [2018-02-05 14:32:13,683] (ComponentFactory.java:getCompositeComponentFromComponent:975) - Unable to load existing 'classes/COM_ArticlesCarousel_Controller.cls-meta.xml' from project - associated component's file resource is null.  Assuming new.
 WARN [2018-02-05 14:32:33,551] (Utils.java:loadDocument:807) - Unable to load document: C:\Users\bandariv\eclipse-workspace\.metadata\.plugins\org.eclipse.core.resources\.projects\sf_dev_internal\com.salesforce.ide.core\packageCache.xml (The system cannot find the file specified)
 WARN [2018-02-05 14:32:33,556] (ComponentController.java:run:421) - Unable to update cache with new component Apex Class - cache is not found
 WARN [2018-02-05 14:35:26,527] (ComponentFactory.java:getCompositeComponentFromComponent:975) - Unable to load existing 'classes/COM_ArticleList_Test.cls-meta.xml' from project - associated component's file resource is null.  Assuming new.
 WARN [2018-02-05 14:35:34,925] (Utils.java:loadDocument:807) - Unable to load document: C:\Users\bandariv\eclipse-workspace\.metadata\.plugins\org.eclipse.core.resources\.projects\sf_dev_internal\com.salesforce.ide.core\packageCache.xml (The system cannot find the file specified)
 WARN [2018-02-05 14:35:34,925] (ComponentController.java:run:421) - Unable to update cache with new component Apex Class - cache is not found
 WARN [2018-02-05 14:36:15,140] (ComponentFactory.java:getCompositeComponentFromComponent:975) - Unable to load existing 'classes/COM_ArticlesCarousel_Test.cls-meta.xml' from project - associated component's file resource is null.  Assuming new.
 WARN [2018-02-05 14:36:21,500] (Utils.java:loadDocument:807) - Unable to load document: C:\Users\bandariv\eclipse-workspace\.metadata\.plugins\org.eclipse.core.resources\.projects\sf_dev_internal\com.salesforce.ide.core\packageCache.xml (The system cannot find the file specified)
 WARN [2018-02-05 14:36:21,500] (ComponentController.java:run:421) - Unable to update cache with new component Apex Class - cache is not found
 WARN [2018-02-05 15:32:49,745] (ComponentFactory.java:getCompositeComponentFromComponent:975) - Unable to load existing 'aura/COM_ArticleCarousel_LCMP/COM_ArticleCarousel_LCMP.cmp-meta.xml' from project - associated component's file resource is null.  Assuming new.
 WARN [2018-02-05 15:32:56,427] (ProjectPackageList.java:getAllComponentResources:938) - File resource not found for component AuraDefinitionBundle 'aura/COM_ArticleCarousel_LCMP' [unpackaged]
 WARN [2018-02-05 15:32:56,432] (ProjectPackageList.java:getAllComponentResources:938) - File resource not found for component AuraDefinitionBundle 'aura/COM_ArticleCarousel_LCMP' [unpackaged]
 WARN [2018-02-05 15:32:56,438] (ProjectPackageList.java:getAllComponentResources:938) - File resource not found for component AuraDefinitionBundle 'aura/COM_ArticleCarousel_LCMP' [unpackaged]
 WARN [2018-02-05 15:32:56,441] (ProjectPackageList.java:getAllComponentResources:938) - File resource not found for component AuraDefinitionBundle 'aura/COM_ArticleCarousel_LCMP' [unpackaged]
 WARN [2018-02-05 15:32:56,442] (ProjectPackageList.java:getAllComponentResources:938) - File resource not found for component AuraDefinitionBundle 'aura/COM_ArticleCarousel_LCMP' [unpackaged]
 WARN [2018-02-05 15:32:56,444] (ProjectPackageList.java:getAllComponentResources:938) - File resource not found for component AuraDefinitionBundle 'aura/COM_ArticleCarousel_LCMP' [unpackaged]
 WARN [2018-02-05 15:32:56,445] (MarkerUtils.java:clearDirty:446) - Unable to clear dirty markers on resources - resources is null or empty
 WARN [2018-02-05 15:32:56,448] (ProjectPackageList.java:getAllComponentResources:938) - File resource not found for component AuraDefinitionBundle 'aura/COM_ArticleCarousel_LCMP' [unpackaged]
 WARN [2018-02-05 15:32:56,449] (ProjectPackageList.java:getAllComponentResources:938) - File resource not found for component AuraDefinitionBundle 'aura/COM_ArticleCarousel_LCMP' [unpackaged]
 WARN [2018-02-05 15:32:56,450] (ProjectPackageList.java:getAllComponentResources:938) - File resource not found for component AuraDefinitionBundle 'aura/COM_ArticleCarousel_LCMP' [unpackaged]
 WARN [2018-02-05 15:32:56,452] (ProjectPackageList.java:getAllComponentResources:938) - File resource not found for component AuraDefinitionBundle 'aura/COM_ArticleCarousel_LCMP' [unpackaged]
 WARN [2018-02-05 15:32:56,454] (ProjectPackageList.java:getAllComponentResources:938) - File resource not found for component AuraDefinitionBundle 'aura/COM_ArticleCarousel_LCMP' [unpackaged]
 WARN [2018-02-05 15:32:56,455] (ProjectPackageList.java:getAllComponentResources:938) - File resource not found for component AuraDefinitionBundle 'aura/COM_ArticleCarousel_LCMP' [unpackaged]
 WARN [2018-02-05 15:32:56,457] (MarkerUtils.java:clearSaveMarkers:564) - Unable to clear save markers on resources - resources is null or empty 
 WARN [2018-02-05 15:32:56,461] (ProjectPackageList.java:getComponentByMetadataFilePath:737) - Did not find component for 'aura/COM_ArticleCarousel_LCMP'
 WARN [2018-02-05 15:32:56,463] (ProjectService.java:handleRetrieveMessages:2220) - Unable to handle retrieve message - could not find component 'aura/COM_ArticleCarousel_LCMP' for message 'In field: specific ids - no AuraDefinitionBundle named COM_ArticleCarousel_LCMP. found'
 WARN [2018-02-05 15:32:56,466] (Utils.java:loadDocument:807) - Unable to load document: C:\Users\bandariv\eclipse-workspace\.metadata\.plugins\org.eclipse.core.resources\.projects\sf_dev_internal\com.salesforce.ide.core\packageCache.xml (The system cannot find the file specified)
 WARN [2018-02-05 15:32:56,468] (ComponentController.java:run:421) - Unable to update cache with new component Lightning Component - cache is not found
 WARN [2018-02-05 19:36:10,983] (ConnectionFactory.java:clearCache:220) - Clearing the following cached connections
 WARN [2018-02-05 19:36:10,987] (DescribeObjectRegistry.java:clearCache:660) - No cached describes
 WARN [2018-02-05 19:36:10,992] (MetadataFactory.java:clearCache:128) - Clearing the following cached metadata stubs
 WARN [2018-02-05 20:03:11,368] (Component.java:hasRemoteChanged:970) - Conflict found! Attribute compare of local and remote ApexClass 'classes/COM_ArticleList_Controller.cls' [unpackaged] are NOT equal
 WARN [2018-02-05 20:03:11,374] (ProjectService.java:evaluateLocalAndRemote:2667) - Project package 'unpackaged' does not jive with remote package - assuming project is out of sync
 WARN [2018-02-05 20:03:33,863] (ZipUtils.java:handleDuplicateEntryException:261) - Zip already contains 'classes/COM_ArticleList_Test.cls' - skipping duplicate
 WARN [2018-02-05 20:03:33,867] (ZipUtils.java:handleDuplicateEntryException:261) - Zip already contains 'classes/COM_ArticlesCarousel_Controller.cls' - skipping duplicate
 WARN [2018-02-05 20:03:33,869] (ZipUtils.java:handleDuplicateEntryException:261) - Zip already contains 'classes/COM_ArticlesCarousel_Test.cls' - skipping duplicate
 WARN [2018-02-05 20:03:40,090] (ProjectPackageList.java:getAllComponentResources:938) - File resource not found for component AuraDefinitionBundle 'aura/COM_ArticleCarousel_LCMP' [unpackaged]
 WARN [2018-02-05 20:03:40,091] (ProjectPackageList.java:getAllComponentResources:938) - File resource not found for component AuraDefinitionBundle 'aura/COM_ArticleDetailImage_LCMP' [unpackaged]
 WARN [2018-02-05 20:03:40,093] (ProjectPackageList.java:getAllComponentResources:938) - File resource not found for component AuraDefinitionBundle 'aura/COM_ArticleCarousel_LCMP' [unpackaged]
 WARN [2018-02-05 20:03:40,093] (ProjectPackageList.java:getAllComponentResources:938) - File resource not found for component AuraDefinitionBundle 'aura/COM_ArticleDetailImage_LCMP' [unpackaged]
 WARN [2018-02-05 20:03:40,672] (ProjectPackageList.java:getComponentByMetadataFilePath:737) - Did not find component for 'aura/COM_ArticleCarousel_LCMP'
 WARN [2018-02-05 20:03:40,673] (ProjectService.java:handleRetrieveMessages:2220) - Unable to handle retrieve message - could not find component 'aura/COM_ArticleCarousel_LCMP' for message 'In field: specific ids - no AuraDefinitionBundle named COM_ArticleCarousel_LCMP. found'
 WARN [2018-02-05 20:03:40,675] (ProjectPackageList.java:getComponentByMetadataFilePath:737) - Did not find component for 'aura/COM_ArticleDetailImage_LCMP'
 WARN [2018-02-05 20:03:40,675] (ProjectService.java:handleRetrieveMessages:2220) - Unable to handle retrieve message - could not find component 'aura/COM_ArticleDetailImage_LCMP' for message 'In field: specific ids - no AuraDefinitionBundle named COM_ArticleDetailImage_LCMP. found'
 WARN [2018-02-05 20:04:17,899] (ConnectionFactory.java:clearCache:220) - Clearing the following cached connections
 WARN [2018-02-05 20:04:17,901] (DescribeObjectRegistry.java:clearCache:660) - No cached describes
 WARN [2018-02-05 20:04:17,903] (MetadataFactory.java:clearCache:128) - Clearing the following cached metadata stubs
 WARN [2018-02-07 13:19:50,296] (ConnectionFactory.java:clearCache:217) - No cached connections
 WARN [2018-02-07 13:19:50,343] (DescribeObjectRegistry.java:clearCache:660) - No cached describes
 WARN [2018-02-07 13:19:50,348] (MetadataFactory.java:clearCache:125) - No cached metadata stubs
